

Microchip MPLAB XC8 Assembler V2.31 build 20201012212115 
                                                                                                           Wed Apr  7 19:49:12 2021


     1                           	processor	16F18344
     2                           	pagewidth 132
     3                           	psect	code,global,class=CODE,delta=2
     4                           	psect	powerup,global,class=CODE,delta=2
     5                           	psect	reset_vec,global,class=CODE,delta=2
     6                           	psect	maintext,global,class=CODE,delta=2
     7                           	psect	eeprom_data,global,class=EEDATA,space=3,delta=2,noexec
     8                           	psect	strings,global,reloc=256,class=CODE,delta=2
     9                           	psect	intentry,global,class=CODE,delta=2
    10                           	psect	functab,global,class=ENTRY,delta=2
    11                           	psect	init,global,class=CODE,delta=2
    12                           	psect	cinit,global,class=CODE,delta=2
    13                           	psect	text,global,class=CODE,delta=2
    14                           	psect	end_init,global,class=CODE,delta=2
    15                           	psect	clrtext,global,class=CODE,delta=2
    16                           	psect	stack,global,class=STACK,space=2,delta=1,noexec
    17                           	psect	common,global,class=COMMON,space=1,delta=1
    18                           	psect	bank0,global,class=BANK0,space=1,delta=1
    19                           	psect	bank1,global,class=BANK1,space=1,delta=1
    20                           	psect	bank2,global,class=BANK2,space=1,delta=1
    21                           	psect	bank3,global,class=BANK3,space=1,delta=1
    22                           	psect	bank4,global,class=BANK4,space=1,delta=1
    23                           	psect	bank5,global,class=BANK5,space=1,delta=1
    24                           	psect	bank6,global,class=BANK6,space=1,delta=1
    25                           	psect	bank7,global,class=BANK7,space=1,delta=1
    26                           	psect	bank8,global,class=BANK8,space=1,delta=1
    27                           	psect	bank9,global,class=BANK9,space=1,delta=1
    28                           	psect	bank10,global,class=BANK10,space=1,delta=1
    29                           	psect	bank11,global,class=BANK11,space=1,delta=1
    30                           	psect	bank12,global,class=BANK12,space=1,delta=1
    31                           	psect	bank13,global,class=BANK13,space=1,delta=1
    32                           	psect	bank14,global,class=BANK14,space=1,delta=1
    33                           	psect	bank15,global,class=BANK15,space=1,delta=1
    34                           	psect	bank16,global,class=BANK16,space=1,delta=1
    35                           	psect	bank17,global,class=BANK17,space=1,delta=1
    36                           	psect	bank18,global,class=BANK18,space=1,delta=1
    37                           	psect	bank19,global,class=BANK19,space=1,delta=1
    38                           	psect	bank20,global,class=BANK20,space=1,delta=1
    39                           	psect	bank21,global,class=BANK21,space=1,delta=1
    40                           	psect	bank22,global,class=BANK22,space=1,delta=1
    41                           	psect	bank23,global,class=BANK23,space=1,delta=1
    42                           	psect	bank24,global,class=BANK24,space=1,delta=1
    43                           	psect	bank25,global,class=BANK25,space=1,delta=1
    44                           	psect	bank26,global,class=BANK26,space=1,delta=1
    45                           	psect	bank27,global,class=BANK27,space=1,delta=1
    46                           	psect	bank28,global,class=BANK28,space=1,delta=1
    47                           	psect	bank29,global,class=BANK29,space=1,delta=1
    48                           	psect	bank30,global,class=BANK30,space=1,delta=1
    49                           	psect	bank31,global,class=BANK31,space=1,delta=1
    50                           	psect	bigram,global,class=BIGRAM,space=1,delta=1
    51                           	psect	ram,global,class=RAM,space=1,delta=1
    52                           	psect	abs1,global,class=ABS1,space=1,delta=1
    53                           	psect	sfr0,global,class=SFR0,space=1,delta=1
    54                           	psect	sfr1,global,class=SFR1,space=1,delta=1
    55                           	psect	sfr2,global,class=SFR2,space=1,delta=1
    56                           	psect	sfr3,global,class=SFR3,space=1,delta=1
    57                           	psect	sfr4,global,class=SFR4,space=1,delta=1
    58                           	psect	sfr5,global,class=SFR5,space=1,delta=1
    59                           	psect	sfr6,global,class=SFR6,space=1,delta=1
    60                           	psect	sfr7,global,class=SFR7,space=1,delta=1
    61                           	psect	sfr8,global,class=SFR8,space=1,delta=1
    62                           	psect	sfr9,global,class=SFR9,space=1,delta=1
    63                           	psect	sfr10,global,class=SFR10,space=1,delta=1
    64                           	psect	sfr11,global,class=SFR11,space=1,delta=1
    65                           	psect	sfr12,global,class=SFR12,space=1,delta=1
    66                           	psect	sfr13,global,class=SFR13,space=1,delta=1
    67                           	psect	sfr14,global,class=SFR14,space=1,delta=1
    68                           	psect	sfr15,global,class=SFR15,space=1,delta=1
    69                           	psect	sfr16,global,class=SFR16,space=1,delta=1
    70                           	psect	sfr17,global,class=SFR17,space=1,delta=1
    71                           	psect	sfr18,global,class=SFR18,space=1,delta=1
    72                           	psect	sfr19,global,class=SFR19,space=1,delta=1
    73                           	psect	sfr20,global,class=SFR20,space=1,delta=1
    74                           	psect	sfr21,global,class=SFR21,space=1,delta=1
    75                           	psect	sfr22,global,class=SFR22,space=1,delta=1
    76                           	psect	sfr23,global,class=SFR23,space=1,delta=1
    77                           	psect	sfr24,global,class=SFR24,space=1,delta=1
    78                           	psect	sfr25,global,class=SFR25,space=1,delta=1
    79                           	psect	sfr26,global,class=SFR26,space=1,delta=1
    80                           	psect	sfr27,global,class=SFR27,space=1,delta=1
    81                           	psect	sfr28,global,class=SFR28,space=1,delta=1
    82                           	psect	sfr29,global,class=SFR29,space=1,delta=1
    83                           	psect	sfr30,global,class=SFR30,space=1,delta=1
    84                           	psect	sfr31,global,class=SFR31,space=1,delta=1
    85                           
    86                           	psect	reset_vec
    87  0000'                    reset_vec:
    88                           
    89                           ; No powerup routine
    90                           ; jump to start
    91  0000' 3180' 2800'        	ljmp	start
    92                           
    93                           	psect	maintext
    94                           
    95                           ; Microchip MPLAB XC8 C Compiler V2.31
    96                           ; Copyright (C) 2020 Microchip Technology Inc.
    97                           ; Auto-generated runtime startup code for prelink stage.
    98                           ;
    99                           ; Compiler options:
   100                           ;
   101                           ; -q --opt=none --chip=16f18344 --std=c99 --output=+elf:multilocs \
   102                           ; --stack=compiled:auto:auto \
   103                           ; /Users/marcodellav/MPLABXProjects/PIC16F18344.X/main.c -omain \
   104                           ; --objdir=/Users/marcodellav/MPLABXProjects/PIC16F18344.X \
   105                           ; --outdir=/Users/marcodellav/MPLABXProjects/PIC16F18344.X \
   106                           ; --callgraph=none --warn=-3 --errformat=%f:%l:%c: error: (%n) %s \
   107                           ; --warnformat=%f:%l:%c: warning: (%n) %s \
   108                           ; --msgformat=%f:%l:%c: advisory: (%n) %s
   109                           ;
   110  0000                     C	set	0
   111  0002                     Z	set	2
   112  0002                     PCL	set	2
   113  0000                     INDF	set	0
   114  000A                     
   115                           	psect	functab
   116  0000'                    intlevel0:
   117  0000'                    intlevel1:
   118  0000'                    intlevel2:
   119  0000'                    intlevel3:
   120  0000'                    intlevel4:
   121  0000'                    intlevel5:
   122                           
   123                           	psect	init
   124  0000'                    start:	
   125                           ; No interrupt routine
   126                           
   127  0000                     
   128                           	psect	end_init
   129  0000' 0020               	movlb	0	;select bank 0
   130  0001' 3180' 2800'        	ljmp	start_initialization	;jump to C runtime clear & initialization
   131                           
   132                           	psect	clrtext
   133  0000                     INDF0	set	0
   134  0001                     INDF1	set	1
   135  0002                     PCL	set	2
   136  0003                     STATUS	set	3
   137  0004                     FSR0L	set	4
   138  0005                     FSR0H	set	5
   139  0006                     FSR1L	set	6
   140  0007                     FSR1H	set	7
   141  0008                     BSR	set	8
   142  0009                     WREG	set	9
   143  000A                     PCLATH	set	10
   144  000B                     INTCON	set	11
   145                           
   146                           	psect	stack
   147  0000'                    ___sp:
   148  0000'                    ___int_sp:


Microchip Technology PIC Macro Assembler V2.31 build 20201012212115 
Symbol Table                                                                                               Wed Apr  7 19:49:12 2021

               ___sp 0000                 _main 0000*                start 0000  start_initialization 0000* 
          ___stackhi 0000            ___stacklo 0000             ___int_sp 0000             intlevel0 0000  
           intlevel1 0000             intlevel2 0000             intlevel3 0000             intlevel4 0000  
           intlevel5 0000             reset_vec 0000  
